2012-08-10 19:09:52,337 [12] ERROR LogInFile Unable to connect to any of the specified MySQL hosts.
2012-08-10 19:09:57,873 [12] ERROR LogInFile Unable to connect to any of the specified MySQL hosts.
2012-08-10 19:10:58,117 [12] ERROR LogInFile Falha ao enviar email.
2012-08-22 10:43:20,110 [12] ERROR LogInFile Falha ao enviar email.
2012-08-31 08:58:02,986 [15] ERROR LogInFile Unable to connect to any of the specified MySQL hosts.
2012-08-31 09:08:17,952 [18] ERROR LogInFile Unable to connect to any of the specified MySQL hosts.
2012-08-31 09:10:22,280 [15] ERROR LogInFile Unable to connect to any of the specified MySQL hosts.
2012-09-01 18:57:27,633 [4] ERROR LogInFile Referência de objeto não definida para uma instância de um objeto.
2012-09-01 18:57:27,700 [4] ERROR LogInFile Valor não pode ser nulo.
Nome do parâmetro: input
2012-09-01 18:57:27,983 [4] ERROR LogInFile Referência de objeto não definida para uma instância de um objeto.
2012-09-01 18:57:28,001 [4] ERROR LogInFile Referência de objeto não definida para uma instância de um objeto.
2012-09-01 18:58:45,832 [4] ERROR LogInFile Referência de objeto não definida para uma instância de um objeto.
2012-09-01 18:58:45,838 [4] ERROR LogInFile Valor não pode ser nulo.
Nome do parâmetro: input
2012-09-01 18:58:45,847 [4] ERROR LogInFile Referência de objeto não definida para uma instância de um objeto.
2012-09-01 18:58:45,852 [4] ERROR LogInFile Referência de objeto não definida para uma instância de um objeto.
2012-09-01 19:01:24,330 [10] ERROR LogInFile Referência de objeto não definida para uma instância de um objeto.
2012-09-01 19:01:24,356 [10] ERROR LogInFile Valor não pode ser nulo.
Nome do parâmetro: input
2012-09-01 19:01:24,371 [10] ERROR LogInFile Referência de objeto não definida para uma instância de um objeto.
2012-09-01 19:01:24,384 [10] ERROR LogInFile Referência de objeto não definida para uma instância de um objeto.
2012-09-01 19:02:00,616 [19] ERROR LogInFile Referência de objeto não definida para uma instância de um objeto.
2012-09-01 19:02:00,633 [19] ERROR LogInFile Valor não pode ser nulo.
Nome do parâmetro: input
2012-09-01 19:02:07,636 [19] ERROR LogInFile Referência de objeto não definida para uma instância de um objeto.
2012-09-01 19:02:07,655 [19] ERROR LogInFile Referência de objeto não definida para uma instância de um objeto.
2012-09-01 20:03:39,137 [15] ERROR LogInFile Referência de objeto não definida para uma instância de um objeto.
2012-09-01 20:03:39,151 [15] ERROR LogInFile Valor não pode ser nulo.
Nome do parâmetro: input
2012-09-01 20:03:39,165 [15] ERROR LogInFile Referência de objeto não definida para uma instância de um objeto.
2012-09-01 20:03:39,177 [15] ERROR LogInFile Referência de objeto não definida para uma instância de um objeto.
2012-09-01 20:04:47,282 [15] ERROR LogInFile Referência de objeto não definida para uma instância de um objeto.
2012-09-01 20:04:47,291 [15] ERROR LogInFile Valor não pode ser nulo.
Nome do parâmetro: input
2012-09-01 20:04:47,305 [15] ERROR LogInFile Referência de objeto não definida para uma instância de um objeto.
2012-09-01 20:04:47,313 [15] ERROR LogInFile Referência de objeto não definida para uma instância de um objeto.
2012-09-01 20:07:40,159 [13] ERROR LogInFile Referência de objeto não definida para uma instância de um objeto.
2012-09-01 20:07:40,184 [13] ERROR LogInFile Valor não pode ser nulo.
Nome do parâmetro: input
2012-09-01 20:08:35,186 [15] ERROR LogInFile Referência de objeto não definida para uma instância de um objeto.
2012-09-01 20:08:52,309 [15] ERROR LogInFile Valor não pode ser nulo.
Nome do parâmetro: input
2012-09-01 20:09:08,780 [15] ERROR LogInFile Referência de objeto não definida para uma instância de um objeto.
2012-09-01 20:09:08,787 [15] ERROR LogInFile Referência de objeto não definida para uma instância de um objeto.
2012-09-01 20:13:31,665 [15] ERROR LogInFile Referência de objeto não definida para uma instância de um objeto.
2012-09-01 20:13:31,686 [15] ERROR LogInFile Referência de objeto não definida para uma instância de um objeto.
2012-09-26 17:40:03,949 [17] ERROR LogInFile Referência de objeto não definida para uma instância de um objeto.
2012-09-26 17:44:02,968 [18] ERROR LogInFile Referência de objeto não definida para uma instância de um objeto.
2012-10-01 13:47:31,220 [6] ERROR LogInFile Unable to connect to any of the specified MySQL hosts.
2012-10-01 13:47:31,293 [6] ERROR LogInFile Referência de objeto não definida para uma instância de um objeto.
2012-10-01 14:09:18,257 [15] ERROR LogInFile Unable to connect to any of the specified MySQL hosts.
2012-10-01 14:09:18,379 [15] ERROR LogInFile Referência de objeto não definida para uma instância de um objeto.
2012-10-01 14:10:53,733 [11] ERROR LogInFile Unable to connect to any of the specified MySQL hosts.
2012-10-01 14:10:53,751 [11] ERROR LogInFile Referência de objeto não definida para uma instância de um objeto.
2012-10-01 14:12:35,982 [11] ERROR LogInFile Unable to connect to any of the specified MySQL hosts.
2012-10-01 14:12:36,004 [11] ERROR LogInFile Referência de objeto não definida para uma instância de um objeto.
2012-10-01 19:08:12,221 [30] ERROR LogInFile Referência de objeto não definida para uma instância de um objeto.
2012-10-01 19:10:25,429 [30] ERROR LogInFile Referência de objeto não definida para uma instância de um objeto.
2012-10-01 19:15:00,226 [27] ERROR LogInFile Referência de objeto não definida para uma instância de um objeto.
2012-10-01 22:42:42,840 [19] ERROR LogInFile Too many connections
2012-10-01 22:42:42,851 [19] ERROR LogInFile Referência de objeto não definida para uma instância de um objeto.
2012-10-01 23:04:52,237 [25] ERROR LogInFile Too many connections
2012-10-01 23:04:52,264 [25] ERROR LogInFile Referência de objeto não definida para uma instância de um objeto.
2012-10-05 18:59:44,372 [6] ERROR LogInFile Referência de objeto não definida para uma instância de um objeto.
2012-10-05 18:59:44,454 [6] ERROR LogInFile Referência de objeto não definida para uma instância de um objeto.
2012-10-05 18:59:44,465 [6] ERROR LogInFile Referência de objeto não definida para uma instância de um objeto.
2012-10-05 19:02:55,956 [11] ERROR LogInFile Referência de objeto não definida para uma instância de um objeto.
2012-10-05 19:02:55,980 [11] ERROR LogInFile Referência de objeto não definida para uma instância de um objeto.
2012-10-05 19:02:56,180 [11] ERROR LogInFile Referência de objeto não definida para uma instância de um objeto.
2012-10-05 19:06:27,185 [12] ERROR LogInFile Referência de objeto não definida para uma instância de um objeto.
2012-10-05 19:06:27,213 [12] ERROR LogInFile Referência de objeto não definida para uma instância de um objeto.
2012-10-05 19:06:27,225 [12] ERROR LogInFile Referência de objeto não definida para uma instância de um objeto.
2012-10-06 09:04:44,403 [11] ERROR LogInFile Referência de objeto não definida para uma instância de um objeto.
2012-10-06 09:04:44,500 [11] ERROR LogInFile Referência de objeto não definida para uma instância de um objeto.
2012-10-06 09:04:44,519 [11] ERROR LogInFile Referência de objeto não definida para uma instância de um objeto.
2012-10-10 14:44:12,431 [15] ERROR LogInFile Unable to connect to any of the specified MySQL hosts.
2012-10-10 14:44:12,575 [15] ERROR LogInFile Referência de objeto não definida para uma instância de um objeto.
2012-10-10 14:44:12,581 [15] ERROR LogInFile Referência de objeto não definida para uma instância de um objeto.
2012-10-16 18:41:23,644 [6] ERROR LogInFile Referência de objeto não definida para uma instância de um objeto.
2012-10-16 18:41:23,688 [6] ERROR LogInFile Referência de objeto não definida para uma instância de um objeto.
2012-10-16 18:41:23,698 [6] ERROR LogInFile Referência de objeto não definida para uma instância de um objeto.
2012-10-23 09:16:42,090 [8] ERROR LogInFile Referência de objeto não definida para uma instância de um objeto.
2012-10-23 09:16:42,331 [8] ERROR LogInFile Referência de objeto não definida para uma instância de um objeto.
2012-10-23 09:16:42,385 [8] ERROR LogInFile Referência de objeto não definida para uma instância de um objeto.
2012-10-23 09:18:24,278 [10] ERROR LogInFile Referência de objeto não definida para uma instância de um objeto.
2012-10-25 14:52:41,796 [15] ERROR LogInFile Referência de objeto não definida para uma instância de um objeto.
2012-10-25 14:52:41,881 [15] ERROR LogInFile Referência de objeto não definida para uma instância de um objeto.
2012-10-25 14:52:41,885 [15] ERROR LogInFile Referência de objeto não definida para uma instância de um objeto.
2012-11-02 09:23:15,488 [4] ERROR LogInFile Begin failed with SQL exception
2012-11-02 09:43:13,073 [4] ERROR LogInFile Referência de objeto não definida para uma instância de um objeto.
2012-11-02 09:43:13,149 [4] ERROR LogInFile Referência de objeto não definida para uma instância de um objeto.
2012-11-02 09:43:13,179 [4] ERROR LogInFile Referência de objeto não definida para uma instância de um objeto.
2012-11-02 09:47:02,328 [15] ERROR LogInFile Referência de objeto não definida para uma instância de um objeto.
2012-11-02 09:47:02,607 [15] ERROR LogInFile Referência de objeto não definida para uma instância de um objeto.
2012-11-02 09:47:02,628 [15] ERROR LogInFile Referência de objeto não definida para uma instância de um objeto.
2012-11-02 09:47:12,087 [17] ERROR LogInFile Referência de objeto não definida para uma instância de um objeto.
2012-11-02 09:47:12,099 [17] ERROR LogInFile Referência de objeto não definida para uma instância de um objeto.
2012-11-02 09:47:12,112 [17] ERROR LogInFile Referência de objeto não definida para uma instância de um objeto.
2012-11-13 14:40:18,466 [4] ERROR LogInFile Begin failed with SQL exception
2012-11-14 13:09:59,718 [11] ERROR LogInFile O dispositivo não está pronto.

2012-11-15 10:06:16,668 [10] ERROR LogInFile Referência de objeto não definida para uma instância de um objeto.
2012-11-15 10:24:07,445 [5] ERROR LogInFile Referência de objeto não definida para uma instância de um objeto.
2012-11-15 10:36:04,273 [15] ERROR LogInFile Referência de objeto não definida para uma instância de um objeto.
2012-11-15 15:30:22,609 [5] ERROR LogInFile Referência de objeto não definida para uma instância de um objeto.
2012-11-15 15:46:28,678 [9] ERROR LogInFile Referência de objeto não definida para uma instância de um objeto.
2012-11-15 15:50:51,800 [5] ERROR LogInFile Referência de objeto não definida para uma instância de um objeto.
2012-11-15 15:52:15,097 [10] ERROR LogInFile Referência de objeto não definida para uma instância de um objeto.
2012-11-15 15:56:28,833 [13] ERROR LogInFile Referência de objeto não definida para uma instância de um objeto.
2012-11-15 16:02:36,195 [14] ERROR LogInFile Referência de objeto não definida para uma instância de um objeto.
2012-11-15 16:18:32,299 [16] ERROR LogInFile Referência de objeto não definida para uma instância de um objeto.
2012-11-15 19:57:15,077 [17] ERROR LogInFile Referência de objeto não definida para uma instância de um objeto.
2012-11-15 20:02:20,752 [10] ERROR LogInFile Referência de objeto não definida para uma instância de um objeto.
2012-11-15 20:07:12,006 [10] ERROR LogInFile Referência de objeto não definida para uma instância de um objeto.
2012-11-15 20:18:25,727 [9] ERROR LogInFile Referência de objeto não definida para uma instância de um objeto.
2012-11-15 20:30:33,299 [4] ERROR LogInFile Referência de objeto não definida para uma instância de um objeto.
2012-11-15 20:30:33,838 [7] ERROR LogInFile Referência de objeto não definida para uma instância de um objeto.
2012-11-15 20:39:43,569 [9] ERROR LogInFile Referência de objeto não definida para uma instância de um objeto.
2012-11-15 20:40:03,045 [12] ERROR LogInFile Referência de objeto não definida para uma instância de um objeto.
2012-11-15 20:48:04,354 [9] ERROR LogInFile Referência de objeto não definida para uma instância de um objeto.
2012-11-16 09:03:38,382 [12] ERROR LogInFile Referência de objeto não definida para uma instância de um objeto.
2012-11-16 09:08:32,612 [14] ERROR LogInFile Referência de objeto não definida para uma instância de um objeto.
2012-11-16 09:08:32,621 [14] ERROR LogInFile Referência de objeto não definida para uma instância de um objeto.
2012-11-16 09:08:32,627 [14] ERROR LogInFile Referência de objeto não definida para uma instância de um objeto.
2012-11-16 09:09:17,591 [12] ERROR LogInFile Referência de objeto não definida para uma instância de um objeto.
2012-11-16 09:10:41,375 [12] ERROR LogInFile Referência de objeto não definida para uma instância de um objeto.
2012-11-16 12:26:32,965 [21] ERROR LogInFile Referência de objeto não definida para uma instância de um objeto.
2012-11-16 12:32:03,603 [15] ERROR LogInFile Referência de objeto não definida para uma instância de um objeto.
2012-11-16 12:32:03,649 [22] ERROR LogInFile Referência de objeto não definida para uma instância de um objeto.
2012-11-16 12:33:47,413 [22] ERROR LogInFile Falha ao enviar email.
2012-11-17 08:21:04,539 [12] ERROR LogInFile Referência de objeto não definida para uma instância de um objeto.
2012-11-17 08:30:59,499 [23] ERROR LogInFile Referência de objeto não definida para uma instância de um objeto.
2012-11-17 08:45:09,253 [5] ERROR LogInFile Referência de objeto não definida para uma instância de um objeto.
2012-11-17 09:40:37,078 [4] ERROR LogInFile Referência de objeto não definida para uma instância de um objeto.
2012-11-17 10:14:31,026 [14] ERROR LogInFile Referência de objeto não definida para uma instância de um objeto.
2012-11-18 03:55:21,771 [17] ERROR LogInFile Referência de objeto não definida para uma instância de um objeto.
2012-11-18 04:45:39,490 [17] ERROR LogInFile Referência de objeto não definida para uma instância de um objeto.
2012-11-18 04:51:32,713 [4] ERROR LogInFile Referência de objeto não definida para uma instância de um objeto.
2012-11-18 04:51:55,570 [13] ERROR LogInFile Referência de objeto não definida para uma instância de um objeto.
2012-11-18 04:55:41,338 [17] ERROR LogInFile Referência de objeto não definida para uma instância de um objeto.
2012-11-18 05:05:41,601 [13] ERROR LogInFile Referência de objeto não definida para uma instância de um objeto.
2012-11-18 05:21:40,966 [8] ERROR LogInFile Referência de objeto não definida para uma instância de um objeto.
2012-11-18 05:34:52,693 [13] ERROR LogInFile Referência de objeto não definida para uma instância de um objeto.
2012-11-18 06:49:05,296 [18] ERROR LogInFile Referência de objeto não definida para uma instância de um objeto.
2012-11-18 09:34:00,022 [6] ERROR LogInFile Referência de objeto não definida para uma instância de um objeto.
2012-11-18 09:34:02,914 [14] ERROR LogInFile Referência de objeto não definida para uma instância de um objeto.
2012-11-24 08:35:04,635 [17] ERROR LogInFile Referência de objeto não definida para uma instância de um objeto.
2012-11-24 08:53:57,909 [18] ERROR LogInFile Referência de objeto não definida para uma instância de um objeto.
2012-11-24 09:52:00,589 [9] ERROR LogInFile Referência de objeto não definida para uma instância de um objeto.
2012-11-24 10:12:47,965 [14] ERROR LogInFile Referência de objeto não definida para uma instância de um objeto.
2012-11-27 20:11:28,020 [5] ERROR LogInFile Referência de objeto não definida para uma instância de um objeto.
2012-11-27 22:13:54,791 [11] ERROR LogInFile Falha ao enviar email.
2012-12-09 14:32:30,274 [26] ERROR LogInFile Referência de objeto não definida para uma instância de um objeto.
2012-12-09 14:35:04,767 [10] ERROR LogInFile Referência de objeto não definida para uma instância de um objeto.
2012-12-09 14:42:17,457 [5] ERROR LogInFile Referência de objeto não definida para uma instância de um objeto.
2012-12-13 16:12:01,277 [8] ERROR LogInFile Referência de objeto não definida para uma instância de um objeto.
2012-12-13 16:12:01,336 [8] ERROR LogInFile Referência de objeto não definida para uma instância de um objeto.
2012-12-13 16:12:01,348 [8] ERROR LogInFile Referência de objeto não definida para uma instância de um objeto.
2013-01-08 16:50:15,589 [12] ERROR LogInFile Referência de objeto não definida para uma instância de um objeto.
2013-01-08 17:06:41,829 [16] ERROR LogInFile Referência de objeto não definida para uma instância de um objeto.
2013-01-11 08:30:19,553 [17] ERROR LogInFile Referência de objeto não definida para uma instância de um objeto.
2013-01-11 08:30:19,623 [17] ERROR LogInFile Referência de objeto não definida para uma instância de um objeto.
2013-01-11 08:30:19,635 [17] ERROR LogInFile Referência de objeto não definida para uma instância de um objeto.
2013-01-13 09:24:37,464 [12] ERROR LogInFile Referência de objeto não definida para uma instância de um objeto.
2013-01-13 09:24:37,549 [12] ERROR LogInFile Referência de objeto não definida para uma instância de um objeto.
2013-01-13 09:24:37,553 [12] ERROR LogInFile Referência de objeto não definida para uma instância de um objeto.
2013-02-06 10:10:29,872 [5] ERROR LogInFile Referência de objeto não definida para uma instância de um objeto.
2013-02-06 10:10:29,945 [5] ERROR LogInFile Referência de objeto não definida para uma instância de um objeto.
2013-02-06 10:10:29,992 [5] ERROR LogInFile Referência de objeto não definida para uma instância de um objeto.
2013-02-17 08:19:21,112 [6] ERROR LogInFile Referência de objeto não definida para uma instância de um objeto.
2013-02-17 08:19:42,460 [16] ERROR LogInFile Referência de objeto não definida para uma instância de um objeto.
2013-02-17 08:19:50,481 [15] ERROR LogInFile Referência de objeto não definida para uma instância de um objeto.
2013-02-17 08:19:56,680 [4] ERROR LogInFile Referência de objeto não definida para uma instância de um objeto.
2013-02-18 14:40:27,621 [4] ERROR LogInFile Referência de objeto não definida para uma instância de um objeto.
2013-02-18 14:40:27,667 [4] ERROR LogInFile Referência de objeto não definida para uma instância de um objeto.
2013-02-18 14:40:27,671 [4] ERROR LogInFile Referência de objeto não definida para uma instância de um objeto.
2013-02-18 14:40:52,288 [4] ERROR LogInFile Referência de objeto não definida para uma instância de um objeto.
2013-02-18 14:40:52,537 [4] ERROR LogInFile Referência de objeto não definida para uma instância de um objeto.
2013-02-18 14:40:52,544 [4] ERROR LogInFile Referência de objeto não definida para uma instância de um objeto.
2013-02-18 14:41:22,962 [4] ERROR LogInFile Referência de objeto não definida para uma instância de um objeto.
2013-02-18 14:41:22,971 [4] ERROR LogInFile Referência de objeto não definida para uma instância de um objeto.
2013-02-18 14:41:23,234 [4] ERROR LogInFile Referência de objeto não definida para uma instância de um objeto.
2013-02-18 14:43:09,436 [4] ERROR LogInFile Referência de objeto não definida para uma instância de um objeto.
2013-02-18 14:43:09,468 [4] ERROR LogInFile Referência de objeto não definida para uma instância de um objeto.
2013-02-18 14:43:09,482 [4] ERROR LogInFile Referência de objeto não definida para uma instância de um objeto.
2013-02-18 14:44:03,561 [4] ERROR LogInFile Referência de objeto não definida para uma instância de um objeto.
2013-02-18 14:44:03,565 [4] ERROR LogInFile Referência de objeto não definida para uma instância de um objeto.
2013-02-18 14:44:03,569 [4] ERROR LogInFile Referência de objeto não definida para uma instância de um objeto.
2013-02-18 14:45:26,643 [5] ERROR LogInFile Referência de objeto não definida para uma instância de um objeto.
2013-02-18 14:45:26,660 [5] ERROR LogInFile Referência de objeto não definida para uma instância de um objeto.
2013-02-18 14:45:26,674 [5] ERROR LogInFile Referência de objeto não definida para uma instância de um objeto.
2013-02-19 17:11:50,504 [8] ERROR LogInFile Referência de objeto não definida para uma instância de um objeto.
2013-02-19 17:11:50,586 [8] ERROR LogInFile Referência de objeto não definida para uma instância de um objeto.
2013-02-19 17:11:50,601 [8] ERROR LogInFile Referência de objeto não definida para uma instância de um objeto.
2013-02-19 17:14:24,333 [4] ERROR LogInFile Referência de objeto não definida para uma instância de um objeto.
2013-02-19 17:14:24,361 [4] ERROR LogInFile Referência de objeto não definida para uma instância de um objeto.
2013-02-19 17:14:24,365 [4] ERROR LogInFile Referência de objeto não definida para uma instância de um objeto.
2013-02-19 17:15:04,822 [5] ERROR LogInFile Referência de objeto não definida para uma instância de um objeto.
2013-02-19 17:15:04,833 [5] ERROR LogInFile Referência de objeto não definida para uma instância de um objeto.
2013-02-19 17:15:04,844 [5] ERROR LogInFile Referência de objeto não definida para uma instância de um objeto.
2013-02-19 17:32:59,108 [6] ERROR LogInFile Referência de objeto não definida para uma instância de um objeto.
2013-02-19 17:32:59,122 [6] ERROR LogInFile Referência de objeto não definida para uma instância de um objeto.
2013-02-19 17:32:59,127 [6] ERROR LogInFile Referência de objeto não definida para uma instância de um objeto.
2013-02-19 20:54:51,341 [12] ERROR LogInFile Referência de objeto não definida para uma instância de um objeto.
2013-02-19 20:54:51,352 [12] ERROR LogInFile Referência de objeto não definida para uma instância de um objeto.
2013-02-19 20:54:51,362 [12] ERROR LogInFile Referência de objeto não definida para uma instância de um objeto.
2013-02-19 20:57:19,485 [13] ERROR LogInFile Referência de objeto não definida para uma instância de um objeto.
2013-02-19 20:57:19,779 [13] ERROR LogInFile Referência de objeto não definida para uma instância de um objeto.
2013-02-19 20:57:19,795 [13] ERROR LogInFile Referência de objeto não definida para uma instância de um objeto.
2013-02-19 21:15:58,166 [8] ERROR LogInFile Referência de objeto não definida para uma instância de um objeto.
2013-02-19 21:15:58,183 [8] ERROR LogInFile Referência de objeto não definida para uma instância de um objeto.
2013-02-19 21:15:58,187 [8] ERROR LogInFile Referência de objeto não definida para uma instância de um objeto.
2013-03-09 09:37:05,354 [4] ERROR LogInFile Falha ao enviar email.
2013-03-18 16:30:26,413 [14] ERROR LogInFile Referência de objeto não definida para uma instância de um objeto.
2013-03-18 16:40:28,901 [16] ERROR LogInFile Referência de objeto não definida para uma instância de um objeto.
2013-03-18 16:42:54,257 [14] ERROR LogInFile Referência de objeto não definida para uma instância de um objeto.
2013-04-16 13:21:26,694 [4] ERROR LogInFile Falha ao enviar email.
2013-04-16 13:22:10,019 [4] ERROR LogInFile Falha ao enviar email.
2013-04-16 13:26:43,264 [6] ERROR LogInFile Falha ao enviar email.
2013-04-16 13:27:25,383 [6] ERROR LogInFile Falha ao enviar email.
2013-04-16 13:28:33,334 [6] ERROR LogInFile Falha ao enviar email.
2013-04-16 13:29:15,356 [6] ERROR LogInFile Falha ao enviar email.
2013-04-18 22:20:48,868 [10] ERROR LogInFile Falha ao enviar email.
2013-04-18 22:22:27,817 [13] ERROR LogInFile Falha ao enviar email.
2013-05-10 09:07:49,248 [11] ERROR LogInFile Falha ao enviar email.
2013-05-10 09:08:33,138 [11] ERROR LogInFile Falha ao enviar email.
2013-05-10 09:08:54,341 [11] ERROR LogInFile Impossível conectar-se ao servidor remoto
2013-05-10 09:15:57,616 [18] ERROR LogInFile Falha ao enviar email.
2013-05-10 09:16:39,799 [18] ERROR LogInFile Falha ao enviar email.
2013-05-10 09:17:00,897 [18] ERROR LogInFile Impossível conectar-se ao servidor remoto
2013-05-22 09:36:15,481 [5] ERROR LogInFile Falha ao enviar email.
2013-05-22 09:37:35,359 [14] ERROR LogInFile Falha ao enviar email.
2013-05-22 09:47:22,968 [19] ERROR LogInFile Falha ao enviar email.
2013-05-22 09:50:48,369 [24] ERROR LogInFile Falha ao enviar email.
2013-11-05 09:37:21,511 [4] ERROR LogInFile could not execute query
[ SELECT this_.Cd_Categoria as Cd1_1_0_, this_.Nm_Categoria as Nm2_1_0_, this_.Ativo as Ativo1_0_, this_.Url_Categoria as Url4_1_0_, this_.Url_Fornecedores as Url5_1_0_, this_.Url_Categoria_Title as Url6_1_0_, this_.Url_Seo as Url7_1_0_, this_.Termo as Termo1_0_, this_.Url_Mappings as Url9_1_0_, this_.Valor as Valor1_0_, this_.Cd_Categoria_Pai as Cd11_1_0_ FROM Categoria this_ ]
[SQL: SELECT this_.Cd_Categoria as Cd1_1_0_, this_.Nm_Categoria as Nm2_1_0_, this_.Ativo as Ativo1_0_, this_.Url_Categoria as Url4_1_0_, this_.Url_Fornecedores as Url5_1_0_, this_.Url_Categoria_Title as Url6_1_0_, this_.Url_Seo as Url7_1_0_, this_.Termo as Termo1_0_, this_.Url_Mappings as Url9_1_0_, this_.Valor as Valor1_0_, this_.Cd_Categoria_Pai as Cd11_1_0_ FROM Categoria this_]
2013-11-05 09:38:42,506 [11] ERROR LogInFile could not execute query
[ SELECT this_.Cd_Categoria as Cd1_1_0_, this_.Nm_Categoria as Nm2_1_0_, this_.Ativo as Ativo1_0_, this_.Url_Categoria as Url4_1_0_, this_.Url_Fornecedores as Url5_1_0_, this_.Url_Categoria_Title as Url6_1_0_, this_.Url_Seo as Url7_1_0_, this_.Termo as Termo1_0_, this_.Url_Mappings as Url9_1_0_, this_.Valor as Valor1_0_, this_.Cd_Categoria_Pai as Cd11_1_0_ FROM Categoria this_ ]
[SQL: SELECT this_.Cd_Categoria as Cd1_1_0_, this_.Nm_Categoria as Nm2_1_0_, this_.Ativo as Ativo1_0_, this_.Url_Categoria as Url4_1_0_, this_.Url_Fornecedores as Url5_1_0_, this_.Url_Categoria_Title as Url6_1_0_, this_.Url_Seo as Url7_1_0_, this_.Termo as Termo1_0_, this_.Url_Mappings as Url9_1_0_, this_.Valor as Valor1_0_, this_.Cd_Categoria_Pai as Cd11_1_0_ FROM Categoria this_]
2013-11-22 10:08:06,068 [10] ERROR LogInFile Não foi possível localizar uma parte do caminho 'E:\_sites\OrcamentoOnline\templateEmail\EmailConfirmacaoPagamento.htm'.
2013-11-22 10:08:27,953 [10] ERROR LogInFile Falha ao enviar email.
2013-11-22 10:13:10,998 [15] ERROR LogInFile Falha ao enviar email.
2013-11-22 10:21:26,033 [10] ERROR LogInFile Falha ao enviar email.
2013-11-22 10:31:41,136 [10] ERROR LogInFile Falha ao enviar email.
2013-11-22 10:38:48,827 [12] ERROR LogInFile Falha ao enviar email.
2013-11-22 10:46:48,564 [10] ERROR LogInFile Falha ao enviar email.
2014-02-11 17:11:31,442 [5] ERROR LogInFile Begin failed with SQL exception
2014-02-21 11:14:42,323 [15] ERROR LogInFile Begin failed with SQL exception
2014-05-21 18:36:24,158 [4] ERROR LogInFile Begin failed with SQL exception
2014-12-15 08:56:09,845 [11] ERROR LogInFile O servidor SMTP requer uma conexão segura ou o cliente não foi autenticado. A resposta do servidor foi: 5.5.1 Authentication Required. Learn more at
2014-12-15 09:20:14,257 [10] ERROR LogInFile O servidor SMTP requer uma conexão segura ou o cliente não foi autenticado. A resposta do servidor foi: 5.5.1 Authentication Required. Learn more at
2016-04-08 09:55:43,967 [8] ERROR LogInFile Falha ao enviar email.
2016-04-08 09:57:17,653 [8] ERROR LogInFile Falha ao enviar email.
2016-04-14 13:43:53,148 [9] ERROR LogInFile Referência de objeto não definida para uma instância de um objeto.
2016-04-14 13:48:12,293 [9] ERROR LogInFile Referência de objeto não definida para uma instância de um objeto.
2016-04-14 13:55:19,993 [4] ERROR LogInFile Referência de objeto não definida para uma instância de um objeto.
2016-04-14 14:11:05,805 [8] ERROR LogInFile Referência de objeto não definida para uma instância de um objeto.
2016-04-14 14:15:23,538 [11] ERROR LogInFile Falha ao enviar email.
2016-04-14 14:17:19,182 [4] ERROR LogInFile Falha ao enviar email.
2016-04-14 14:32:42,271 [12] ERROR LogInFile Falha ao enviar email.
